{"/home/linux-oli/projects/T3/Physio_App_API/db.js": {"path":"/home/linux-oli/projects/T3/Physio_App_API/db.js","statementMap":{"0":{"start":{"line":4,"column":0},"end":{"line":4,"column":15}},"1":{"start":{"line":6,"column":0},"end":{"line":6,"column":33}},"2":{"start":{"line":9,"column":4},"end":{"line":9,"column":37}},"3":{"start":{"line":10,"column":4},"end":{"line":10,"column":40}},"4":{"start":{"line":14,"column":0},"end":{"line":19,"column":1}},"5":{"start":{"line":15,"column":14},"end":{"line":15,"column":67}},"6":{"start":{"line":16,"column":4},"end":{"line":16,"column":100}},"7":{"start":{"line":18,"column":4},"end":{"line":18,"column":20}},"8":{"start":{"line":33,"column":19},"end":{"line":37,"column":2}},"9":{"start":{"line":43,"column":18},"end":{"line":43,"column":52}},"10":{"start":{"line":46,"column":23},"end":{"line":50,"column":2}},"11":{"start":{"line":53,"column":21},"end":{"line":58,"column":2}},"12":{"start":{"line":61,"column":22},"end":{"line":66,"column":2}},"13":{"start":{"line":69,"column":21},"end":{"line":69,"column":61}}},"fnMap":{"0":{"name":"dbClose","decl":{"start":{"line":8,"column":15},"end":{"line":8,"column":22}},"loc":{"start":{"line":8,"column":25},"end":{"line":11,"column":1}},"line":8}},"branchMap":{"0":{"loc":{"start":{"line":16,"column":16},"end":{"line":16,"column":99}},"type":"cond-expr","locations":[{"start":{"line":16,"column":48},"end":{"line":16,"column":68}},{"start":{"line":16,"column":71},"end":{"line":16,"column":99}}],"line":16}},"s":{"0":1,"1":1,"2":1,"3":1,"4":1,"5":1,"6":1,"7":0,"8":1,"9":1,"10":1,"11":1,"12":1,"13":1},"f":{"0":1},"b":{"0":[1,0]},"_coverageSchema":"1a1c01bbd47fc00a2c39e90264f33305004495a9","hash":"8cc57aafd05cc25aabb6db484712ec121c6b4e26"}
,"/home/linux-oli/projects/T3/Physio_App_API/index.js": {"path":"/home/linux-oli/projects/T3/Physio_App_API/index.js","statementMap":{"0":{"start":{"line":8,"column":12},"end":{"line":8,"column":21}},"1":{"start":{"line":9,"column":13},"end":{"line":9,"column":37}},"2":{"start":{"line":11,"column":0},"end":{"line":11,"column":15}},"3":{"start":{"line":14,"column":0},"end":{"line":14,"column":23}},"4":{"start":{"line":18,"column":0},"end":{"line":18,"column":29}},"5":{"start":{"line":19,"column":0},"end":{"line":19,"column":35}},"6":{"start":{"line":20,"column":0},"end":{"line":20,"column":28}},"7":{"start":{"line":26,"column":0},"end":{"line":26,"column":75}},"8":{"start":{"line":26,"column":27},"end":{"line":26,"column":74}},"9":{"start":{"line":31,"column":0},"end":{"line":31,"column":79}},"10":{"start":{"line":31,"column":23},"end":{"line":31,"column":78}}},"fnMap":{"0":{"name":"(anonymous_0)","decl":{"start":{"line":26,"column":13},"end":{"line":26,"column":14}},"loc":{"start":{"line":26,"column":27},"end":{"line":26,"column":74}},"line":26},"1":{"name":"(anonymous_1)","decl":{"start":{"line":31,"column":17},"end":{"line":31,"column":18}},"loc":{"start":{"line":31,"column":23},"end":{"line":31,"column":78}},"line":31}},"branchMap":{"0":{"loc":{"start":{"line":9,"column":13},"end":{"line":9,"column":37}},"type":"binary-expr","locations":[{"start":{"line":9,"column":13},"end":{"line":9,"column":29}},{"start":{"line":9,"column":33},"end":{"line":9,"column":37}}],"line":9}},"s":{"0":1,"1":1,"2":1,"3":1,"4":1,"5":1,"6":1,"7":1,"8":0,"9":1,"10":1},"f":{"0":0,"1":1},"b":{"0":[1,0]},"_coverageSchema":"1a1c01bbd47fc00a2c39e90264f33305004495a9","hash":"971e6924aefa2f958c0e830314e32e9118253ba0"}
,"/home/linux-oli/projects/T3/Physio_App_API/controllers/auth_controller.js": {"path":"/home/linux-oli/projects/T3/Physio_App_API/controllers/auth_controller.js","statementMap":{"0":{"start":{"line":4,"column":23},"end":{"line":4,"column":47}},"1":{"start":{"line":5,"column":18},"end":{"line":5,"column":56}},"2":{"start":{"line":6,"column":4},"end":{"line":6,"column":93}},"3":{"start":{"line":6,"column":23},"end":{"line":6,"column":93}},"4":{"start":{"line":8,"column":4},"end":{"line":18,"column":6}},"5":{"start":{"line":10,"column":8},"end":{"line":12,"column":9}},"6":{"start":{"line":11,"column":12},"end":{"line":11,"column":75}},"7":{"start":{"line":14,"column":6},"end":{"line":14,"column":21}},"8":{"start":{"line":17,"column":6},"end":{"line":17,"column":12}}},"fnMap":{"0":{"name":"authenticateToken","decl":{"start":{"line":3,"column":9},"end":{"line":3,"column":26}},"loc":{"start":{"line":3,"column":43},"end":{"line":19,"column":3}},"line":3},"1":{"name":"(anonymous_1)","decl":{"start":{"line":8,"column":46},"end":{"line":8,"column":47}},"loc":{"start":{"line":8,"column":61},"end":{"line":18,"column":5}},"line":8}},"branchMap":{"0":{"loc":{"start":{"line":5,"column":18},"end":{"line":5,"column":56}},"type":"binary-expr","locations":[{"start":{"line":5,"column":18},"end":{"line":5,"column":28}},{"start":{"line":5,"column":32},"end":{"line":5,"column":56}}],"line":5},"1":{"loc":{"start":{"line":6,"column":4},"end":{"line":6,"column":93}},"type":"if","locations":[{"start":{"line":6,"column":4},"end":{"line":6,"column":93}},{"start":{},"end":{}}],"line":6},"2":{"loc":{"start":{"line":10,"column":8},"end":{"line":12,"column":9}},"type":"if","locations":[{"start":{"line":10,"column":8},"end":{"line":12,"column":9}},{"start":{},"end":{}}],"line":10}},"s":{"0":20,"1":20,"2":20,"3":12,"4":8,"5":8,"6":0,"7":8,"8":8},"f":{"0":20,"1":8},"b":{"0":[20,8],"1":[12,8],"2":[0,8]},"_coverageSchema":"1a1c01bbd47fc00a2c39e90264f33305004495a9","hash":"02ceb247a8918196bd2f1e82169de903deb812ae"}
,"/home/linux-oli/projects/T3/Physio_App_API/routes/auth.js": {"path":"/home/linux-oli/projects/T3/Physio_App_API/routes/auth.js","statementMap":{"0":{"start":{"line":7,"column":13},"end":{"line":7,"column":21}},"1":{"start":{"line":11,"column":0},"end":{"line":49,"column":2}},"2":{"start":{"line":23,"column":2},"end":{"line":47,"column":3}},"3":{"start":{"line":24,"column":42},"end":{"line":24,"column":50}},"4":{"start":{"line":27,"column":17},"end":{"line":27,"column":38}},"5":{"start":{"line":29,"column":2},"end":{"line":32,"column":6}},"6":{"start":{"line":30,"column":4},"end":{"line":32,"column":6}},"7":{"start":{"line":34,"column":25},"end":{"line":34,"column":56}},"8":{"start":{"line":36,"column":18},"end":{"line":36,"column":63}},"9":{"start":{"line":38,"column":23},"end":{"line":38,"column":54}},"10":{"start":{"line":42,"column":2},"end":{"line":42,"column":36}},"11":{"start":{"line":45,"column":6},"end":{"line":45,"column":129}},"12":{"start":{"line":45,"column":30},"end":{"line":45,"column":129}},"13":{"start":{"line":46,"column":6},"end":{"line":46,"column":50}},"14":{"start":{"line":53,"column":0},"end":{"line":89,"column":2}},"15":{"start":{"line":54,"column":2},"end":{"line":88,"column":3}},"16":{"start":{"line":55,"column":32},"end":{"line":55,"column":40}},"17":{"start":{"line":58,"column":27},"end":{"line":58,"column":36}},"18":{"start":{"line":59,"column":25},"end":{"line":59,"column":61}},"19":{"start":{"line":62,"column":4},"end":{"line":66,"column":5}},"20":{"start":{"line":63,"column":8},"end":{"line":65,"column":10}},"21":{"start":{"line":69,"column":4},"end":{"line":73,"column":5}},"22":{"start":{"line":70,"column":8},"end":{"line":72,"column":10}},"23":{"start":{"line":76,"column":18},"end":{"line":80,"column":5}},"24":{"start":{"line":83,"column":8},"end":{"line":83,"column":57}},"25":{"start":{"line":84,"column":8},"end":{"line":84,"column":39}},"26":{"start":{"line":87,"column":8},"end":{"line":87,"column":52}}},"fnMap":{"0":{"name":"(anonymous_0)","decl":{"start":{"line":22,"column":3},"end":{"line":22,"column":4}},"loc":{"start":{"line":22,"column":23},"end":{"line":49,"column":1}},"line":22},"1":{"name":"(anonymous_1)","decl":{"start":{"line":53,"column":20},"end":{"line":53,"column":21}},"loc":{"start":{"line":53,"column":40},"end":{"line":89,"column":1}},"line":53}},"branchMap":{"0":{"loc":{"start":{"line":29,"column":2},"end":{"line":32,"column":6}},"type":"if","locations":[{"start":{"line":29,"column":2},"end":{"line":32,"column":6}},{"start":{},"end":{}}],"line":29},"1":{"loc":{"start":{"line":45,"column":6},"end":{"line":45,"column":129}},"type":"if","locations":[{"start":{"line":45,"column":6},"end":{"line":45,"column":129}},{"start":{},"end":{}}],"line":45},"2":{"loc":{"start":{"line":62,"column":4},"end":{"line":66,"column":5}},"type":"if","locations":[{"start":{"line":62,"column":4},"end":{"line":66,"column":5}},{"start":{},"end":{}}],"line":62},"3":{"loc":{"start":{"line":69,"column":4},"end":{"line":73,"column":5}},"type":"if","locations":[{"start":{"line":69,"column":4},"end":{"line":73,"column":5}},{"start":{},"end":{}}],"line":69}},"s":{"0":1,"1":1,"2":6,"3":6,"4":6,"5":6,"6":3,"7":3,"8":3,"9":3,"10":1,"11":2,"12":1,"13":1,"14":1,"15":4,"16":4,"17":4,"18":4,"19":3,"20":1,"21":2,"22":1,"23":1,"24":1,"25":1,"26":1},"f":{"0":6,"1":4},"b":{"0":[3,3],"1":[1,1],"2":[1,2],"3":[1,1]},"_coverageSchema":"1a1c01bbd47fc00a2c39e90264f33305004495a9","hash":"7cb80ab54282420feb21ca8e169cc910f9a20b42"}
,"/home/linux-oli/projects/T3/Physio_App_API/routes/program_routes.js": {"path":"/home/linux-oli/projects/T3/Physio_App_API/routes/program_routes.js","statementMap":{"0":{"start":{"line":5,"column":22},"end":{"line":5,"column":30}},"1":{"start":{"line":9,"column":0},"end":{"line":9,"column":103}},"2":{"start":{"line":9,"column":55},"end":{"line":9,"column":102}},"3":{"start":{"line":13,"column":0},"end":{"line":21,"column":2}},"4":{"start":{"line":20,"column":4},"end":{"line":20,"column":76}},"5":{"start":{"line":25,"column":0},"end":{"line":39,"column":6}},"6":{"start":{"line":26,"column":4},"end":{"line":38,"column":9}},"7":{"start":{"line":33,"column":21},"end":{"line":33,"column":63}},"8":{"start":{"line":34,"column":8},"end":{"line":35,"column":26}},"9":{"start":{"line":35,"column":12},"end":{"line":35,"column":26}},"10":{"start":{"line":37,"column":8},"end":{"line":37,"column":64}},"11":{"start":{"line":44,"column":0},"end":{"line":64,"column":2}},"12":{"start":{"line":45,"column":4},"end":{"line":63,"column":5}},"13":{"start":{"line":53,"column":53},"end":{"line":53,"column":61}},"14":{"start":{"line":55,"column":27},"end":{"line":55,"column":63}},"15":{"start":{"line":57,"column":32},"end":{"line":57,"column":69}},"16":{"start":{"line":59,"column":8},"end":{"line":59,"column":45}},"17":{"start":{"line":62,"column":9},"end":{"line":62,"column":80}},"18":{"start":{"line":69,"column":0},"end":{"line":89,"column":2}},"19":{"start":{"line":70,"column":26},"end":{"line":70,"column":34}},"20":{"start":{"line":71,"column":27},"end":{"line":71,"column":40}},"21":{"start":{"line":73,"column":4},"end":{"line":88,"column":5}},"22":{"start":{"line":74,"column":26},"end":{"line":74,"column":131}},"23":{"start":{"line":82,"column":8},"end":{"line":84,"column":9}},"24":{"start":{"line":83,"column":12},"end":{"line":83,"column":48}},"25":{"start":{"line":87,"column":8},"end":{"line":87,"column":70}},"26":{"start":{"line":94,"column":0},"end":{"line":114,"column":2}},"27":{"start":{"line":95,"column":26},"end":{"line":95,"column":34}},"28":{"start":{"line":96,"column":27},"end":{"line":96,"column":40}},"29":{"start":{"line":98,"column":4},"end":{"line":113,"column":5}},"30":{"start":{"line":105,"column":26},"end":{"line":105,"column":122}},"31":{"start":{"line":107,"column":8},"end":{"line":109,"column":9}},"32":{"start":{"line":108,"column":12},"end":{"line":108,"column":48}},"33":{"start":{"line":112,"column":8},"end":{"line":112,"column":69}},"34":{"start":{"line":119,"column":0},"end":{"line":139,"column":2}},"35":{"start":{"line":120,"column":24},"end":{"line":120,"column":32}},"36":{"start":{"line":121,"column":26},"end":{"line":121,"column":37}},"37":{"start":{"line":123,"column":4},"end":{"line":138,"column":5}},"38":{"start":{"line":130,"column":24},"end":{"line":130,"column":128}},"39":{"start":{"line":132,"column":8},"end":{"line":134,"column":9}},"40":{"start":{"line":133,"column":12},"end":{"line":133,"column":46}},"41":{"start":{"line":137,"column":8},"end":{"line":137,"column":69}}},"fnMap":{"0":{"name":"(anonymous_0)","decl":{"start":{"line":9,"column":35},"end":{"line":9,"column":36}},"loc":{"start":{"line":9,"column":55},"end":{"line":9,"column":102}},"line":9},"1":{"name":"(anonymous_1)","decl":{"start":{"line":13,"column":44},"end":{"line":13,"column":45}},"loc":{"start":{"line":13,"column":64},"end":{"line":21,"column":1}},"line":13},"2":{"name":"(anonymous_2)","decl":{"start":{"line":25,"column":38},"end":{"line":25,"column":39}},"loc":{"start":{"line":25,"column":58},"end":{"line":39,"column":5}},"line":25},"3":{"name":"(anonymous_3)","decl":{"start":{"line":44,"column":36},"end":{"line":44,"column":37}},"loc":{"start":{"line":44,"column":56},"end":{"line":64,"column":1}},"line":44},"4":{"name":"(anonymous_4)","decl":{"start":{"line":69,"column":47},"end":{"line":69,"column":48}},"loc":{"start":{"line":69,"column":67},"end":{"line":89,"column":1}},"line":69},"5":{"name":"(anonymous_5)","decl":{"start":{"line":94,"column":51},"end":{"line":94,"column":52}},"loc":{"start":{"line":94,"column":71},"end":{"line":114,"column":1}},"line":94},"6":{"name":"(anonymous_6)","decl":{"start":{"line":119,"column":46},"end":{"line":119,"column":47}},"loc":{"start":{"line":119,"column":66},"end":{"line":139,"column":1}},"line":119}},"branchMap":{"0":{"loc":{"start":{"line":34,"column":8},"end":{"line":35,"column":26}},"type":"if","locations":[{"start":{"line":34,"column":8},"end":{"line":35,"column":26}},{"start":{},"end":{}}],"line":34},"1":{"loc":{"start":{"line":82,"column":8},"end":{"line":84,"column":9}},"type":"if","locations":[{"start":{"line":82,"column":8},"end":{"line":84,"column":9}},{"start":{},"end":{}}],"line":82},"2":{"loc":{"start":{"line":107,"column":8},"end":{"line":109,"column":9}},"type":"if","locations":[{"start":{"line":107,"column":8},"end":{"line":109,"column":9}},{"start":{},"end":{}}],"line":107},"3":{"loc":{"start":{"line":132,"column":8},"end":{"line":134,"column":9}},"type":"if","locations":[{"start":{"line":132,"column":8},"end":{"line":134,"column":9}},{"start":{},"end":{}}],"line":132}},"s":{"0":1,"1":1,"2":0,"3":1,"4":0,"5":1,"6":0,"7":0,"8":0,"9":0,"10":0,"11":1,"12":0,"13":0,"14":0,"15":0,"16":0,"17":0,"18":1,"19":0,"20":0,"21":0,"22":0,"23":0,"24":0,"25":0,"26":1,"27":0,"28":0,"29":0,"30":0,"31":0,"32":0,"33":0,"34":1,"35":0,"36":0,"37":0,"38":0,"39":0,"40":0,"41":0},"f":{"0":0,"1":0,"2":0,"3":0,"4":0,"5":0,"6":0},"b":{"0":[0,0],"1":[0,0],"2":[0,0],"3":[0,0]},"_coverageSchema":"1a1c01bbd47fc00a2c39e90264f33305004495a9","hash":"4425150a0cb278c7035618286ca3a021320565f3"}
,"/home/linux-oli/projects/T3/Physio_App_API/routes/user_routes.js": {"path":"/home/linux-oli/projects/T3/Physio_App_API/routes/user_routes.js","statementMap":{"0":{"start":{"line":7,"column":15},"end":{"line":7,"column":23}},"1":{"start":{"line":12,"column":0},"end":{"line":14,"column":2}},"2":{"start":{"line":13,"column":2},"end":{"line":13,"column":34}},"3":{"start":{"line":17,"column":0},"end":{"line":29,"column":2}},"4":{"start":{"line":18,"column":2},"end":{"line":28,"column":3}},"5":{"start":{"line":19,"column":18},"end":{"line":19,"column":43}},"6":{"start":{"line":20,"column":20},"end":{"line":20,"column":37}},"7":{"start":{"line":21,"column":24},"end":{"line":21,"column":51}},"8":{"start":{"line":22,"column":4},"end":{"line":24,"column":5}},"9":{"start":{"line":23,"column":6},"end":{"line":23,"column":66}},"10":{"start":{"line":25,"column":4},"end":{"line":25,"column":53}},"11":{"start":{"line":27,"column":4},"end":{"line":27,"column":50}},"12":{"start":{"line":32,"column":0},"end":{"line":72,"column":2}},"13":{"start":{"line":45,"column":42},"end":{"line":45,"column":50}},"14":{"start":{"line":46,"column":19},"end":{"line":46,"column":40}},"15":{"start":{"line":48,"column":4},"end":{"line":51,"column":6}},"16":{"start":{"line":49,"column":8},"end":{"line":51,"column":6}},"17":{"start":{"line":53,"column":23},"end":{"line":53,"column":52}},"18":{"start":{"line":55,"column":4},"end":{"line":71,"column":5}},"19":{"start":{"line":57,"column":22},"end":{"line":57,"column":47}},"20":{"start":{"line":58,"column":24},"end":{"line":58,"column":41}},"21":{"start":{"line":59,"column":28},"end":{"line":59,"column":55}},"22":{"start":{"line":60,"column":8},"end":{"line":62,"column":9}},"23":{"start":{"line":61,"column":10},"end":{"line":61,"column":70}},"24":{"start":{"line":63,"column":21},"end":{"line":63,"column":110}},"25":{"start":{"line":65,"column":8},"end":{"line":67,"column":9}},"26":{"start":{"line":66,"column":12},"end":{"line":66,"column":43}},"27":{"start":{"line":70,"column":8},"end":{"line":70,"column":52}},"28":{"start":{"line":75,"column":0},"end":{"line":92,"column":2}},"29":{"start":{"line":76,"column":4},"end":{"line":91,"column":5}},"30":{"start":{"line":77,"column":20},"end":{"line":77,"column":45}},"31":{"start":{"line":78,"column":22},"end":{"line":78,"column":39}},"32":{"start":{"line":79,"column":26},"end":{"line":79,"column":53}},"33":{"start":{"line":80,"column":6},"end":{"line":82,"column":7}},"34":{"start":{"line":81,"column":8},"end":{"line":81,"column":68}},"35":{"start":{"line":83,"column":19},"end":{"line":83,"column":67}},"36":{"start":{"line":85,"column":8},"end":{"line":87,"column":9}},"37":{"start":{"line":86,"column":12},"end":{"line":86,"column":50}},"38":{"start":{"line":90,"column":8},"end":{"line":90,"column":30}}},"fnMap":{"0":{"name":"(anonymous_0)","decl":{"start":{"line":12,"column":35},"end":{"line":12,"column":36}},"loc":{"start":{"line":12,"column":55},"end":{"line":14,"column":1}},"line":12},"1":{"name":"(anonymous_1)","decl":{"start":{"line":17,"column":38},"end":{"line":17,"column":39}},"loc":{"start":{"line":17,"column":58},"end":{"line":29,"column":1}},"line":17},"2":{"name":"(anonymous_2)","decl":{"start":{"line":43,"column":24},"end":{"line":43,"column":25}},"loc":{"start":{"line":43,"column":44},"end":{"line":72,"column":1}},"line":43},"3":{"name":"(anonymous_3)","decl":{"start":{"line":75,"column":41},"end":{"line":75,"column":42}},"loc":{"start":{"line":75,"column":61},"end":{"line":92,"column":1}},"line":75}},"branchMap":{"0":{"loc":{"start":{"line":22,"column":4},"end":{"line":24,"column":5}},"type":"if","locations":[{"start":{"line":22,"column":4},"end":{"line":24,"column":5}},{"start":{},"end":{}}],"line":22},"1":{"loc":{"start":{"line":48,"column":4},"end":{"line":51,"column":6}},"type":"if","locations":[{"start":{"line":48,"column":4},"end":{"line":51,"column":6}},{"start":{},"end":{}}],"line":48},"2":{"loc":{"start":{"line":60,"column":8},"end":{"line":62,"column":9}},"type":"if","locations":[{"start":{"line":60,"column":8},"end":{"line":62,"column":9}},{"start":{},"end":{}}],"line":60},"3":{"loc":{"start":{"line":65,"column":8},"end":{"line":67,"column":9}},"type":"if","locations":[{"start":{"line":65,"column":8},"end":{"line":67,"column":9}},{"start":{},"end":{}}],"line":65},"4":{"loc":{"start":{"line":80,"column":6},"end":{"line":82,"column":7}},"type":"if","locations":[{"start":{"line":80,"column":6},"end":{"line":82,"column":7}},{"start":{},"end":{}}],"line":80},"5":{"loc":{"start":{"line":85,"column":8},"end":{"line":87,"column":9}},"type":"if","locations":[{"start":{"line":85,"column":8},"end":{"line":87,"column":9}},{"start":{},"end":{}}],"line":85}},"s":{"0":1,"1":1,"2":1,"3":1,"4":1,"5":1,"6":1,"7":1,"8":0,"9":0,"10":0,"11":1,"12":1,"13":4,"14":4,"15":4,"16":2,"17":2,"18":2,"19":2,"20":2,"21":2,"22":0,"23":0,"24":0,"25":0,"26":0,"27":2,"28":1,"29":2,"30":2,"31":2,"32":2,"33":0,"34":0,"35":0,"36":0,"37":0,"38":2},"f":{"0":1,"1":1,"2":4,"3":2},"b":{"0":[0,0],"1":[2,2],"2":[0,0],"3":[0,0],"4":[0,0],"5":[0,0]},"_coverageSchema":"1a1c01bbd47fc00a2c39e90264f33305004495a9","hash":"0f757eb475470c23de51f460d5b4703a3ba34d7b"}
}
