{"/home/linux-oli/projects/T3/Physio_App_API/db.js": {"path":"/home/linux-oli/projects/T3/Physio_App_API/db.js","statementMap":{"0":{"start":{"line":4,"column":0},"end":{"line":4,"column":15}},"1":{"start":{"line":6,"column":0},"end":{"line":6,"column":33}},"2":{"start":{"line":9,"column":4},"end":{"line":9,"column":37}},"3":{"start":{"line":10,"column":4},"end":{"line":10,"column":40}},"4":{"start":{"line":14,"column":0},"end":{"line":19,"column":1}},"5":{"start":{"line":15,"column":14},"end":{"line":15,"column":67}},"6":{"start":{"line":16,"column":4},"end":{"line":16,"column":100}},"7":{"start":{"line":18,"column":4},"end":{"line":18,"column":20}},"8":{"start":{"line":33,"column":19},"end":{"line":37,"column":2}},"9":{"start":{"line":43,"column":18},"end":{"line":43,"column":52}},"10":{"start":{"line":46,"column":23},"end":{"line":50,"column":2}},"11":{"start":{"line":53,"column":21},"end":{"line":58,"column":2}},"12":{"start":{"line":61,"column":22},"end":{"line":66,"column":2}},"13":{"start":{"line":69,"column":21},"end":{"line":69,"column":61}}},"fnMap":{"0":{"name":"dbClose","decl":{"start":{"line":8,"column":15},"end":{"line":8,"column":22}},"loc":{"start":{"line":8,"column":25},"end":{"line":11,"column":1}},"line":8}},"branchMap":{"0":{"loc":{"start":{"line":16,"column":16},"end":{"line":16,"column":99}},"type":"cond-expr","locations":[{"start":{"line":16,"column":48},"end":{"line":16,"column":68}},{"start":{"line":16,"column":71},"end":{"line":16,"column":99}}],"line":16}},"s":{"0":1,"1":1,"2":1,"3":1,"4":1,"5":1,"6":1,"7":0,"8":1,"9":1,"10":1,"11":1,"12":1,"13":1},"f":{"0":1},"b":{"0":[1,0]},"_coverageSchema":"1a1c01bbd47fc00a2c39e90264f33305004495a9","hash":"8cc57aafd05cc25aabb6db484712ec121c6b4e26"}
,"/home/linux-oli/projects/T3/Physio_App_API/index.js": {"path":"/home/linux-oli/projects/T3/Physio_App_API/index.js","statementMap":{"0":{"start":{"line":7,"column":12},"end":{"line":7,"column":21}},"1":{"start":{"line":8,"column":13},"end":{"line":8,"column":37}},"2":{"start":{"line":12,"column":0},"end":{"line":12,"column":23}},"3":{"start":{"line":16,"column":0},"end":{"line":16,"column":29}},"4":{"start":{"line":17,"column":0},"end":{"line":17,"column":35}},"5":{"start":{"line":18,"column":0},"end":{"line":18,"column":28}},"6":{"start":{"line":24,"column":0},"end":{"line":24,"column":75}},"7":{"start":{"line":24,"column":27},"end":{"line":24,"column":74}},"8":{"start":{"line":29,"column":0},"end":{"line":29,"column":79}},"9":{"start":{"line":29,"column":23},"end":{"line":29,"column":78}}},"fnMap":{"0":{"name":"(anonymous_0)","decl":{"start":{"line":24,"column":13},"end":{"line":24,"column":14}},"loc":{"start":{"line":24,"column":27},"end":{"line":24,"column":74}},"line":24},"1":{"name":"(anonymous_1)","decl":{"start":{"line":29,"column":17},"end":{"line":29,"column":18}},"loc":{"start":{"line":29,"column":23},"end":{"line":29,"column":78}},"line":29}},"branchMap":{"0":{"loc":{"start":{"line":8,"column":13},"end":{"line":8,"column":37}},"type":"binary-expr","locations":[{"start":{"line":8,"column":13},"end":{"line":8,"column":29}},{"start":{"line":8,"column":33},"end":{"line":8,"column":37}}],"line":8}},"s":{"0":1,"1":1,"2":1,"3":1,"4":1,"5":1,"6":1,"7":0,"8":1,"9":1},"f":{"0":0,"1":1},"b":{"0":[1,0]},"_coverageSchema":"1a1c01bbd47fc00a2c39e90264f33305004495a9","hash":"bcbc3f6d70ac363d39d17f79f5e54c8e23aa764c"}
,"/home/linux-oli/projects/T3/Physio_App_API/controllers/auth_controller.js": {"path":"/home/linux-oli/projects/T3/Physio_App_API/controllers/auth_controller.js","statementMap":{"0":{"start":{"line":4,"column":23},"end":{"line":4,"column":47}},"1":{"start":{"line":5,"column":18},"end":{"line":5,"column":56}},"2":{"start":{"line":6,"column":4},"end":{"line":6,"column":93}},"3":{"start":{"line":6,"column":23},"end":{"line":6,"column":93}},"4":{"start":{"line":8,"column":4},"end":{"line":18,"column":6}},"5":{"start":{"line":10,"column":8},"end":{"line":12,"column":9}},"6":{"start":{"line":11,"column":12},"end":{"line":11,"column":75}},"7":{"start":{"line":14,"column":6},"end":{"line":14,"column":21}},"8":{"start":{"line":17,"column":6},"end":{"line":17,"column":12}}},"fnMap":{"0":{"name":"authenticateToken","decl":{"start":{"line":3,"column":9},"end":{"line":3,"column":26}},"loc":{"start":{"line":3,"column":43},"end":{"line":19,"column":3}},"line":3},"1":{"name":"(anonymous_1)","decl":{"start":{"line":8,"column":58},"end":{"line":8,"column":59}},"loc":{"start":{"line":8,"column":73},"end":{"line":18,"column":5}},"line":8}},"branchMap":{"0":{"loc":{"start":{"line":5,"column":18},"end":{"line":5,"column":56}},"type":"binary-expr","locations":[{"start":{"line":5,"column":18},"end":{"line":5,"column":28}},{"start":{"line":5,"column":32},"end":{"line":5,"column":56}}],"line":5},"1":{"loc":{"start":{"line":6,"column":4},"end":{"line":6,"column":93}},"type":"if","locations":[{"start":{"line":6,"column":4},"end":{"line":6,"column":93}},{"start":{},"end":{}}],"line":6},"2":{"loc":{"start":{"line":10,"column":8},"end":{"line":12,"column":9}},"type":"if","locations":[{"start":{"line":10,"column":8},"end":{"line":12,"column":9}},{"start":{},"end":{}}],"line":10}},"s":{"0":0,"1":0,"2":0,"3":0,"4":0,"5":0,"6":0,"7":0,"8":0},"f":{"0":0,"1":0},"b":{"0":[0,0],"1":[0,0],"2":[0,0]},"_coverageSchema":"1a1c01bbd47fc00a2c39e90264f33305004495a9","hash":"e952309e19ed115b24342e52754419788abcc662"}
,"/home/linux-oli/projects/T3/Physio_App_API/routes/auth.js": {"path":"/home/linux-oli/projects/T3/Physio_App_API/routes/auth.js","statementMap":{"0":{"start":{"line":7,"column":13},"end":{"line":7,"column":21}},"1":{"start":{"line":11,"column":0},"end":{"line":49,"column":2}},"2":{"start":{"line":23,"column":2},"end":{"line":47,"column":3}},"3":{"start":{"line":24,"column":42},"end":{"line":24,"column":50}},"4":{"start":{"line":27,"column":17},"end":{"line":27,"column":38}},"5":{"start":{"line":29,"column":2},"end":{"line":32,"column":6}},"6":{"start":{"line":30,"column":4},"end":{"line":32,"column":6}},"7":{"start":{"line":34,"column":25},"end":{"line":34,"column":56}},"8":{"start":{"line":36,"column":18},"end":{"line":36,"column":63}},"9":{"start":{"line":38,"column":23},"end":{"line":38,"column":54}},"10":{"start":{"line":42,"column":2},"end":{"line":42,"column":36}},"11":{"start":{"line":45,"column":6},"end":{"line":45,"column":129}},"12":{"start":{"line":45,"column":30},"end":{"line":45,"column":129}},"13":{"start":{"line":46,"column":6},"end":{"line":46,"column":50}},"14":{"start":{"line":53,"column":0},"end":{"line":88,"column":2}},"15":{"start":{"line":54,"column":2},"end":{"line":87,"column":3}},"16":{"start":{"line":55,"column":32},"end":{"line":55,"column":40}},"17":{"start":{"line":58,"column":27},"end":{"line":58,"column":36}},"18":{"start":{"line":59,"column":25},"end":{"line":59,"column":61}},"19":{"start":{"line":62,"column":4},"end":{"line":66,"column":5}},"20":{"start":{"line":63,"column":8},"end":{"line":65,"column":10}},"21":{"start":{"line":69,"column":4},"end":{"line":73,"column":5}},"22":{"start":{"line":70,"column":8},"end":{"line":72,"column":10}},"23":{"start":{"line":76,"column":18},"end":{"line":80,"column":5}},"24":{"start":{"line":83,"column":8},"end":{"line":83,"column":39}},"25":{"start":{"line":86,"column":8},"end":{"line":86,"column":52}}},"fnMap":{"0":{"name":"(anonymous_0)","decl":{"start":{"line":22,"column":3},"end":{"line":22,"column":4}},"loc":{"start":{"line":22,"column":23},"end":{"line":49,"column":1}},"line":22},"1":{"name":"(anonymous_1)","decl":{"start":{"line":53,"column":20},"end":{"line":53,"column":21}},"loc":{"start":{"line":53,"column":40},"end":{"line":88,"column":1}},"line":53}},"branchMap":{"0":{"loc":{"start":{"line":29,"column":2},"end":{"line":32,"column":6}},"type":"if","locations":[{"start":{"line":29,"column":2},"end":{"line":32,"column":6}},{"start":{},"end":{}}],"line":29},"1":{"loc":{"start":{"line":45,"column":6},"end":{"line":45,"column":129}},"type":"if","locations":[{"start":{"line":45,"column":6},"end":{"line":45,"column":129}},{"start":{},"end":{}}],"line":45},"2":{"loc":{"start":{"line":62,"column":4},"end":{"line":66,"column":5}},"type":"if","locations":[{"start":{"line":62,"column":4},"end":{"line":66,"column":5}},{"start":{},"end":{}}],"line":62},"3":{"loc":{"start":{"line":69,"column":4},"end":{"line":73,"column":5}},"type":"if","locations":[{"start":{"line":69,"column":4},"end":{"line":73,"column":5}},{"start":{},"end":{}}],"line":69}},"s":{"0":1,"1":1,"2":6,"3":6,"4":6,"5":6,"6":3,"7":3,"8":3,"9":3,"10":1,"11":2,"12":1,"13":1,"14":1,"15":4,"16":4,"17":4,"18":4,"19":3,"20":1,"21":2,"22":1,"23":1,"24":1,"25":1},"f":{"0":6,"1":4},"b":{"0":[3,3],"1":[1,1],"2":[1,2],"3":[1,1]},"_coverageSchema":"1a1c01bbd47fc00a2c39e90264f33305004495a9","hash":"4adf03c89ff70c7bc778f5cfa6eb31e197e3135a"}
,"/home/linux-oli/projects/T3/Physio_App_API/routes/program_routes.js": {"path":"/home/linux-oli/projects/T3/Physio_App_API/routes/program_routes.js","statementMap":{"0":{"start":{"line":5,"column":22},"end":{"line":5,"column":30}},"1":{"start":{"line":9,"column":0},"end":{"line":9,"column":84}},"2":{"start":{"line":9,"column":36},"end":{"line":9,"column":83}},"3":{"start":{"line":12,"column":0},"end":{"line":12,"column":118}},"4":{"start":{"line":12,"column":45},"end":{"line":12,"column":117}},"5":{"start":{"line":16,"column":0},"end":{"line":24,"column":6}},"6":{"start":{"line":17,"column":4},"end":{"line":23,"column":9}},"7":{"start":{"line":18,"column":21},"end":{"line":18,"column":63}},"8":{"start":{"line":19,"column":8},"end":{"line":20,"column":26}},"9":{"start":{"line":20,"column":12},"end":{"line":20,"column":26}},"10":{"start":{"line":22,"column":8},"end":{"line":22,"column":64}},"11":{"start":{"line":28,"column":0},"end":{"line":41,"column":2}},"12":{"start":{"line":29,"column":4},"end":{"line":40,"column":5}},"13":{"start":{"line":30,"column":53},"end":{"line":30,"column":61}},"14":{"start":{"line":32,"column":27},"end":{"line":32,"column":63}},"15":{"start":{"line":34,"column":32},"end":{"line":34,"column":69}},"16":{"start":{"line":36,"column":8},"end":{"line":36,"column":45}},"17":{"start":{"line":39,"column":9},"end":{"line":39,"column":80}},"18":{"start":{"line":45,"column":0},"end":{"line":59,"column":2}},"19":{"start":{"line":46,"column":26},"end":{"line":46,"column":34}},"20":{"start":{"line":47,"column":27},"end":{"line":47,"column":40}},"21":{"start":{"line":49,"column":4},"end":{"line":58,"column":5}},"22":{"start":{"line":50,"column":26},"end":{"line":50,"column":131}},"23":{"start":{"line":52,"column":8},"end":{"line":54,"column":9}},"24":{"start":{"line":53,"column":12},"end":{"line":53,"column":48}},"25":{"start":{"line":57,"column":8},"end":{"line":57,"column":70}},"26":{"start":{"line":63,"column":0},"end":{"line":77,"column":2}},"27":{"start":{"line":64,"column":26},"end":{"line":64,"column":34}},"28":{"start":{"line":65,"column":27},"end":{"line":65,"column":40}},"29":{"start":{"line":67,"column":4},"end":{"line":76,"column":5}},"30":{"start":{"line":68,"column":26},"end":{"line":68,"column":122}},"31":{"start":{"line":70,"column":8},"end":{"line":72,"column":9}},"32":{"start":{"line":71,"column":12},"end":{"line":71,"column":48}},"33":{"start":{"line":75,"column":8},"end":{"line":75,"column":69}},"34":{"start":{"line":81,"column":0},"end":{"line":95,"column":2}},"35":{"start":{"line":82,"column":24},"end":{"line":82,"column":32}},"36":{"start":{"line":83,"column":26},"end":{"line":83,"column":37}},"37":{"start":{"line":85,"column":4},"end":{"line":94,"column":5}},"38":{"start":{"line":86,"column":24},"end":{"line":86,"column":128}},"39":{"start":{"line":88,"column":8},"end":{"line":90,"column":9}},"40":{"start":{"line":89,"column":12},"end":{"line":89,"column":46}},"41":{"start":{"line":93,"column":8},"end":{"line":93,"column":69}}},"fnMap":{"0":{"name":"(anonymous_0)","decl":{"start":{"line":9,"column":16},"end":{"line":9,"column":17}},"loc":{"start":{"line":9,"column":36},"end":{"line":9,"column":83}},"line":9},"1":{"name":"(anonymous_1)","decl":{"start":{"line":12,"column":25},"end":{"line":12,"column":26}},"loc":{"start":{"line":12,"column":45},"end":{"line":12,"column":117}},"line":12},"2":{"name":"(anonymous_2)","decl":{"start":{"line":16,"column":19},"end":{"line":16,"column":20}},"loc":{"start":{"line":16,"column":39},"end":{"line":24,"column":5}},"line":16},"3":{"name":"(anonymous_3)","decl":{"start":{"line":28,"column":17},"end":{"line":28,"column":18}},"loc":{"start":{"line":28,"column":37},"end":{"line":41,"column":1}},"line":28},"4":{"name":"(anonymous_4)","decl":{"start":{"line":45,"column":28},"end":{"line":45,"column":29}},"loc":{"start":{"line":45,"column":48},"end":{"line":59,"column":1}},"line":45},"5":{"name":"(anonymous_5)","decl":{"start":{"line":63,"column":32},"end":{"line":63,"column":33}},"loc":{"start":{"line":63,"column":52},"end":{"line":77,"column":1}},"line":63},"6":{"name":"(anonymous_6)","decl":{"start":{"line":81,"column":27},"end":{"line":81,"column":28}},"loc":{"start":{"line":81,"column":47},"end":{"line":95,"column":1}},"line":81}},"branchMap":{"0":{"loc":{"start":{"line":19,"column":8},"end":{"line":20,"column":26}},"type":"if","locations":[{"start":{"line":19,"column":8},"end":{"line":20,"column":26}},{"start":{},"end":{}}],"line":19},"1":{"loc":{"start":{"line":52,"column":8},"end":{"line":54,"column":9}},"type":"if","locations":[{"start":{"line":52,"column":8},"end":{"line":54,"column":9}},{"start":{},"end":{}}],"line":52},"2":{"loc":{"start":{"line":70,"column":8},"end":{"line":72,"column":9}},"type":"if","locations":[{"start":{"line":70,"column":8},"end":{"line":72,"column":9}},{"start":{},"end":{}}],"line":70},"3":{"loc":{"start":{"line":88,"column":8},"end":{"line":90,"column":9}},"type":"if","locations":[{"start":{"line":88,"column":8},"end":{"line":90,"column":9}},{"start":{},"end":{}}],"line":88}},"s":{"0":1,"1":1,"2":1,"3":1,"4":1,"5":1,"6":2,"7":2,"8":1,"9":1,"10":1,"11":1,"12":2,"13":2,"14":2,"15":2,"16":1,"17":1,"18":1,"19":2,"20":2,"21":2,"22":2,"23":1,"24":1,"25":1,"26":1,"27":2,"28":2,"29":2,"30":2,"31":1,"32":1,"33":1,"34":1,"35":2,"36":2,"37":2,"38":2,"39":1,"40":1,"41":1},"f":{"0":1,"1":1,"2":2,"3":2,"4":2,"5":2,"6":2},"b":{"0":[1,0],"1":[1,0],"2":[1,0],"3":[1,0]},"_coverageSchema":"1a1c01bbd47fc00a2c39e90264f33305004495a9","hash":"ec8d7e1cb89c3b682cfeabd17a8dea8371187228"}
,"/home/linux-oli/projects/T3/Physio_App_API/routes/user_routes.js": {"path":"/home/linux-oli/projects/T3/Physio_App_API/routes/user_routes.js","statementMap":{"0":{"start":{"line":6,"column":15},"end":{"line":6,"column":23}},"1":{"start":{"line":11,"column":0},"end":{"line":11,"column":69}},"2":{"start":{"line":11,"column":36},"end":{"line":11,"column":68}},"3":{"start":{"line":15,"column":0},"end":{"line":15,"column":89}},"4":{"start":{"line":15,"column":39},"end":{"line":15,"column":88}},"5":{"start":{"line":18,"column":0},"end":{"line":51,"column":2}},"6":{"start":{"line":31,"column":42},"end":{"line":31,"column":50}},"7":{"start":{"line":32,"column":19},"end":{"line":32,"column":40}},"8":{"start":{"line":34,"column":4},"end":{"line":37,"column":6}},"9":{"start":{"line":35,"column":8},"end":{"line":37,"column":6}},"10":{"start":{"line":39,"column":23},"end":{"line":39,"column":52}},"11":{"start":{"line":41,"column":4},"end":{"line":50,"column":5}},"12":{"start":{"line":42,"column":21},"end":{"line":42,"column":110}},"13":{"start":{"line":44,"column":8},"end":{"line":46,"column":9}},"14":{"start":{"line":45,"column":12},"end":{"line":45,"column":43}},"15":{"start":{"line":49,"column":8},"end":{"line":49,"column":52}},"16":{"start":{"line":54,"column":0},"end":{"line":68,"column":2}},"17":{"start":{"line":55,"column":4},"end":{"line":67,"column":5}},"18":{"start":{"line":59,"column":21},"end":{"line":59,"column":69}},"19":{"start":{"line":61,"column":8},"end":{"line":63,"column":9}},"20":{"start":{"line":62,"column":12},"end":{"line":62,"column":34}},"21":{"start":{"line":66,"column":8},"end":{"line":66,"column":30}}},"fnMap":{"0":{"name":"(anonymous_0)","decl":{"start":{"line":11,"column":16},"end":{"line":11,"column":17}},"loc":{"start":{"line":11,"column":36},"end":{"line":11,"column":68}},"line":11},"1":{"name":"(anonymous_1)","decl":{"start":{"line":15,"column":19},"end":{"line":15,"column":20}},"loc":{"start":{"line":15,"column":39},"end":{"line":15,"column":88}},"line":15},"2":{"name":"(anonymous_2)","decl":{"start":{"line":29,"column":5},"end":{"line":29,"column":6}},"loc":{"start":{"line":29,"column":25},"end":{"line":51,"column":1}},"line":29},"3":{"name":"(anonymous_3)","decl":{"start":{"line":54,"column":22},"end":{"line":54,"column":23}},"loc":{"start":{"line":54,"column":42},"end":{"line":68,"column":1}},"line":54}},"branchMap":{"0":{"loc":{"start":{"line":34,"column":4},"end":{"line":37,"column":6}},"type":"if","locations":[{"start":{"line":34,"column":4},"end":{"line":37,"column":6}},{"start":{},"end":{}}],"line":34},"1":{"loc":{"start":{"line":44,"column":8},"end":{"line":46,"column":9}},"type":"if","locations":[{"start":{"line":44,"column":8},"end":{"line":46,"column":9}},{"start":{},"end":{}}],"line":44},"2":{"loc":{"start":{"line":61,"column":8},"end":{"line":63,"column":9}},"type":"if","locations":[{"start":{"line":61,"column":8},"end":{"line":63,"column":9}},{"start":{},"end":{}}],"line":61}},"s":{"0":1,"1":1,"2":1,"3":1,"4":1,"5":1,"6":4,"7":4,"8":4,"9":2,"10":2,"11":2,"12":2,"13":1,"14":1,"15":1,"16":1,"17":2,"18":2,"19":1,"20":1,"21":1},"f":{"0":1,"1":1,"2":4,"3":2},"b":{"0":[2,2],"1":[1,0],"2":[1,0]},"_coverageSchema":"1a1c01bbd47fc00a2c39e90264f33305004495a9","hash":"afaa7bb4165fbb67acd8beb292d887f67a278dcd"}
}
