TN:
SF:db.js
FN:8,dbClose
FNF:1
FNH:1
FNDA:1,dbClose
DA:4,1
DA:6,1
DA:9,1
DA:10,1
DA:14,1
DA:15,1
DA:16,1
DA:18,0
DA:33,1
DA:43,1
DA:46,1
DA:53,1
DA:61,1
DA:69,1
LF:14
LH:13
BRDA:16,0,0,1
BRDA:16,0,1,0
BRF:2
BRH:1
end_of_record
TN:
SF:index.js
FN:24,(anonymous_0)
FN:29,(anonymous_1)
FNF:2
FNH:1
FNDA:0,(anonymous_0)
FNDA:1,(anonymous_1)
DA:7,1
DA:8,1
DA:12,1
DA:16,1
DA:17,1
DA:18,1
DA:24,1
DA:29,1
LF:8
LH:8
BRDA:8,0,0,1
BRDA:8,0,1,0
BRF:2
BRH:1
end_of_record
TN:
SF:controllers/auth_controller.js
FN:3,authenticateToken
FN:8,(anonymous_1)
FNF:2
FNH:0
FNDA:0,authenticateToken
FNDA:0,(anonymous_1)
DA:4,0
DA:5,0
DA:6,0
DA:8,0
DA:10,0
DA:11,0
DA:14,0
DA:17,0
LF:8
LH:0
BRDA:5,0,0,0
BRDA:5,0,1,0
BRDA:6,1,0,0
BRDA:6,1,1,0
BRDA:10,2,0,0
BRDA:10,2,1,0
BRF:6
BRH:0
end_of_record
TN:
SF:routes/auth.js
FN:22,(anonymous_0)
FN:53,(anonymous_1)
FNF:2
FNH:2
FNDA:6,(anonymous_0)
FNDA:4,(anonymous_1)
DA:7,1
DA:11,1
DA:23,6
DA:24,6
DA:27,6
DA:29,6
DA:30,3
DA:34,3
DA:36,3
DA:38,3
DA:42,1
DA:45,2
DA:46,1
DA:53,1
DA:54,4
DA:55,4
DA:58,4
DA:59,4
DA:62,3
DA:63,1
DA:69,2
DA:70,1
DA:76,1
DA:83,1
DA:86,1
LF:25
LH:25
BRDA:29,0,0,3
BRDA:29,0,1,3
BRDA:45,1,0,1
BRDA:45,1,1,1
BRDA:62,2,0,1
BRDA:62,2,1,2
BRDA:69,3,0,1
BRDA:69,3,1,1
BRF:8
BRH:8
end_of_record
TN:
SF:routes/program_routes.js
FN:9,(anonymous_0)
FN:12,(anonymous_1)
FN:16,(anonymous_2)
FN:31,(anonymous_3)
FN:48,(anonymous_4)
FN:68,(anonymous_5)
FN:88,(anonymous_6)
FNF:7
FNH:5
FNDA:1,(anonymous_0)
FNDA:1,(anonymous_1)
FNDA:0,(anonymous_2)
FNDA:1,(anonymous_3)
FNDA:0,(anonymous_4)
FNDA:1,(anonymous_5)
FNDA:1,(anonymous_6)
DA:5,1
DA:9,1
DA:12,1
DA:16,1
DA:17,0
DA:18,0
DA:19,0
DA:20,0
DA:22,0
DA:26,0
DA:31,1
DA:32,1
DA:33,1
DA:35,1
DA:37,1
DA:39,1
DA:42,0
DA:48,1
DA:49,0
DA:50,0
DA:52,0
DA:53,0
DA:55,0
DA:56,0
DA:58,0
DA:62,0
DA:68,1
DA:69,1
DA:70,1
DA:72,1
DA:73,1
DA:75,1
DA:76,1
DA:78,0
DA:82,0
DA:88,1
DA:89,1
DA:90,1
DA:92,1
DA:93,1
DA:95,1
DA:96,1
DA:98,0
DA:102,0
LF:44
LH:25
BRDA:19,0,0,0
BRDA:19,0,1,0
BRDA:55,1,0,0
BRDA:55,1,1,0
BRDA:75,2,0,1
BRDA:75,2,1,0
BRDA:95,3,0,1
BRDA:95,3,1,0
BRF:8
BRH:2
end_of_record
TN:
SF:routes/user_routes.js
FN:11,(anonymous_0)
FN:15,(anonymous_1)
FN:29,(anonymous_2)
FN:54,(anonymous_3)
FNF:4
FNH:4
FNDA:1,(anonymous_0)
FNDA:1,(anonymous_1)
FNDA:4,(anonymous_2)
FNDA:2,(anonymous_3)
DA:6,1
DA:11,1
DA:15,1
DA:18,1
DA:31,4
DA:32,4
DA:34,4
DA:35,2
DA:39,2
DA:41,2
DA:42,2
DA:44,1
DA:45,1
DA:49,1
DA:54,1
DA:55,2
DA:59,2
DA:61,1
DA:62,1
DA:66,1
LF:20
LH:20
BRDA:34,0,0,2
BRDA:34,0,1,2
BRDA:44,1,0,1
BRDA:44,1,1,0
BRDA:61,2,0,1
BRDA:61,2,1,0
BRF:6
BRH:4
end_of_record
